<?xml version="1.0" encoding="UTF-8"?>
<!-- Generated by org.testng.reporters.JUnitReportReporter -->
<testsuite hostname="DESKTOP-2SH2LKO" failures="0" tests="1" name="com.gitDemo_01.No_GitTest" time="0.162" errors="0" timestamp="2024-03-05T20:33:08 EST" skipped="0">
  <testcase classname="com.gitDemo_01.No_GitTest" name="noGitTest" time="0.162"/>
  <system-out/>
</testsuite> <!-- com.gitDemo_01.No_GitTest -->
